<?xml version="1.0" encoding="UTF-8"?>
<!-- Generated by org.testng.reporters.JUnitReportReporter -->
<testsuite hostname="desktop-906fut2" failures="0" tests="1" name="com.mystore.testclasses.TC_MyAccountPageTest" time="3.955" errors="0" timestamp="2024-03-05T16:54:08 IST" skipped="0">
  <testcase classname="com.mystore.testclasses.TC_MyAccountPageTest" name="VerifyLogin" time="3.955"/>
</testsuite> <!-- com.mystore.testclasses.TC_MyAccountPageTest -->
